{"C:\\Users\\DELL\\Desktop\\Integracion de Plataformas\\render-api-24\\version1\\1.1\\controllers\\carritoController.js": {"path":"C:\\Users\\DELL\\Desktop\\Integracion de Plataformas\\render-api-24\\version1\\1.1\\controllers\\carritoController.js","statementMap":{"0":{"start":{"line":1,"column":13},"end":{"line":1,"column":35}},"1":{"start":{"line":3,"column":25},"end":{"line":22,"column":1}},"2":{"start":{"line":4,"column":50},"end":{"line":4,"column":58}},"3":{"start":{"line":6,"column":4},"end":{"line":21,"column":5}},"4":{"start":{"line":8,"column":25},"end":{"line":8,"column":99}},"5":{"start":{"line":10,"column":8},"end":{"line":12,"column":9}},"6":{"start":{"line":11,"column":12},"end":{"line":11,"column":110}},"7":{"start":{"line":15,"column":8},"end":{"line":15,"column":148}},"8":{"start":{"line":17,"column":8},"end":{"line":17,"column":88}},"9":{"start":{"line":19,"column":8},"end":{"line":19,"column":70}},"10":{"start":{"line":20,"column":8},"end":{"line":20,"column":94}},"11":{"start":{"line":24,"column":20},"end":{"line":34,"column":1}},"12":{"start":{"line":25,"column":27},"end":{"line":25,"column":37}},"13":{"start":{"line":27,"column":4},"end":{"line":33,"column":5}},"14":{"start":{"line":28,"column":24},"end":{"line":28,"column":108}},"15":{"start":{"line":29,"column":8},"end":{"line":29,"column":43}},"16":{"start":{"line":31,"column":8},"end":{"line":31,"column":72}},"17":{"start":{"line":32,"column":8},"end":{"line":32,"column":96}},"18":{"start":{"line":36,"column":26},"end":{"line":47,"column":1}},"19":{"start":{"line":37,"column":27},"end":{"line":37,"column":37}},"20":{"start":{"line":38,"column":25},"end":{"line":38,"column":33}},"21":{"start":{"line":40,"column":4},"end":{"line":46,"column":5}},"22":{"start":{"line":41,"column":8},"end":{"line":41,"column":106}},"23":{"start":{"line":42,"column":8},"end":{"line":42,"column":106}},"24":{"start":{"line":44,"column":8},"end":{"line":44,"column":88}},"25":{"start":{"line":45,"column":8},"end":{"line":45,"column":112}},"26":{"start":{"line":49,"column":26},"end":{"line":59,"column":1}},"27":{"start":{"line":50,"column":27},"end":{"line":50,"column":37}},"28":{"start":{"line":52,"column":4},"end":{"line":58,"column":5}},"29":{"start":{"line":53,"column":8},"end":{"line":53,"column":83}},"30":{"start":{"line":54,"column":8},"end":{"line":54,"column":90}},"31":{"start":{"line":56,"column":8},"end":{"line":56,"column":72}},"32":{"start":{"line":57,"column":8},"end":{"line":57,"column":96}},"33":{"start":{"line":61,"column":0},"end":{"line":66,"column":2}}},"fnMap":{"0":{"name":"(anonymous_0)","decl":{"start":{"line":3,"column":25},"end":{"line":3,"column":26}},"loc":{"start":{"line":3,"column":45},"end":{"line":22,"column":1}},"line":3},"1":{"name":"(anonymous_1)","decl":{"start":{"line":24,"column":20},"end":{"line":24,"column":21}},"loc":{"start":{"line":24,"column":40},"end":{"line":34,"column":1}},"line":24},"2":{"name":"(anonymous_2)","decl":{"start":{"line":36,"column":26},"end":{"line":36,"column":27}},"loc":{"start":{"line":36,"column":46},"end":{"line":47,"column":1}},"line":36},"3":{"name":"(anonymous_3)","decl":{"start":{"line":49,"column":26},"end":{"line":49,"column":27}},"loc":{"start":{"line":49,"column":46},"end":{"line":59,"column":1}},"line":49}},"branchMap":{"0":{"loc":{"start":{"line":10,"column":8},"end":{"line":12,"column":9}},"type":"if","locations":[{"start":{"line":10,"column":8},"end":{"line":12,"column":9}},{"start":{},"end":{}}],"line":10},"1":{"loc":{"start":{"line":10,"column":12},"end":{"line":10,"column":72}},"type":"binary-expr","locations":[{"start":{"line":10,"column":12},"end":{"line":10,"column":35}},{"start":{"line":10,"column":39},"end":{"line":10,"column":72}}],"line":10}},"s":{"0":1,"1":1,"2":3,"3":3,"4":3,"5":3,"6":2,"7":1,"8":1,"9":0,"10":0,"11":1,"12":2,"13":2,"14":2,"15":1,"16":1,"17":1,"18":1,"19":2,"20":2,"21":2,"22":2,"23":1,"24":1,"25":1,"26":1,"27":2,"28":2,"29":2,"30":1,"31":1,"32":1,"33":1},"f":{"0":3,"1":2,"2":2,"3":2},"b":{"0":[2,1],"1":[3,2]},"_coverageSchema":"1a1c01bbd47fc00a2c39e90264f33305004495a9","hash":"52a478d35332110420ddd6f6a4bd6473b608531e"}
,"C:\\Users\\DELL\\Desktop\\Integracion de Plataformas\\render-api-24\\version1\\1.1\\models\\CategoriasProductos.js": {"path":"C:\\Users\\DELL\\Desktop\\Integracion de Plataformas\\render-api-24\\version1\\1.1\\models\\CategoriasProductos.js","statementMap":{"0":{"start":{"line":1,"column":13},"end":{"line":1,"column":35}},"1":{"start":{"line":5,"column":20},"end":{"line":5,"column":75}},"2":{"start":{"line":6,"column":8},"end":{"line":6,"column":24}},"3":{"start":{"line":10,"column":20},"end":{"line":10,"column":95}},"4":{"start":{"line":11,"column":8},"end":{"line":11,"column":27}},"5":{"start":{"line":15,"column":20},"end":{"line":15,"column":116}},"6":{"start":{"line":16,"column":8},"end":{"line":16,"column":27}},"7":{"start":{"line":20,"column":20},"end":{"line":20,"column":124}},"8":{"start":{"line":21,"column":8},"end":{"line":21,"column":27}},"9":{"start":{"line":25,"column":20},"end":{"line":25,"column":105}},"10":{"start":{"line":26,"column":8},"end":{"line":26,"column":27}},"11":{"start":{"line":30,"column":0},"end":{"line":30,"column":37}}},"fnMap":{"0":{"name":"(anonymous_0)","decl":{"start":{"line":4,"column":4},"end":{"line":4,"column":5}},"loc":{"start":{"line":4,"column":26},"end":{"line":7,"column":5}},"line":4},"1":{"name":"(anonymous_1)","decl":{"start":{"line":9,"column":4},"end":{"line":9,"column":5}},"loc":{"start":{"line":9,"column":29},"end":{"line":12,"column":5}},"line":9},"2":{"name":"(anonymous_2)","decl":{"start":{"line":14,"column":4},"end":{"line":14,"column":5}},"loc":{"start":{"line":14,"column":32},"end":{"line":17,"column":5}},"line":14},"3":{"name":"(anonymous_3)","decl":{"start":{"line":19,"column":4},"end":{"line":19,"column":5}},"loc":{"start":{"line":19,"column":36},"end":{"line":22,"column":5}},"line":19},"4":{"name":"(anonymous_4)","decl":{"start":{"line":24,"column":4},"end":{"line":24,"column":5}},"loc":{"start":{"line":24,"column":28},"end":{"line":27,"column":5}},"line":24}},"branchMap":{},"s":{"0":1,"1":1,"2":1,"3":2,"4":2,"5":1,"6":1,"7":1,"8":1,"9":1,"10":1,"11":1},"f":{"0":1,"1":2,"2":1,"3":1,"4":1},"b":{},"_coverageSchema":"1a1c01bbd47fc00a2c39e90264f33305004495a9","hash":"26a0dc18d02563ca7b0f6da4603c50b4c699d6ef"}
,"C:\\Users\\DELL\\Desktop\\Integracion de Plataformas\\render-api-24\\version1\\1.1\\models\\wishlistModel.js": {"path":"C:\\Users\\DELL\\Desktop\\Integracion de Plataformas\\render-api-24\\version1\\1.1\\models\\wishlistModel.js","statementMap":{"0":{"start":{"line":1,"column":13},"end":{"line":1,"column":35}},"1":{"start":{"line":4,"column":40},"end":{"line":4,"column":44}},"2":{"start":{"line":7,"column":4},"end":{"line":9,"column":5}},"3":{"start":{"line":8,"column":8},"end":{"line":8,"column":63}},"4":{"start":{"line":12,"column":27},"end":{"line":12,"column":67}},"5":{"start":{"line":13,"column":28},"end":{"line":13,"column":74}},"6":{"start":{"line":14,"column":4},"end":{"line":16,"column":5}},"7":{"start":{"line":15,"column":8},"end":{"line":15,"column":48}},"8":{"start":{"line":19,"column":30},"end":{"line":19,"column":71}},"9":{"start":{"line":20,"column":31},"end":{"line":20,"column":81}},"10":{"start":{"line":21,"column":4},"end":{"line":23,"column":5}},"11":{"start":{"line":22,"column":8},"end":{"line":22,"column":49}},"12":{"start":{"line":25,"column":18},"end":{"line":25,"column":97}},"13":{"start":{"line":26,"column":19},"end":{"line":26,"column":44}},"14":{"start":{"line":27,"column":19},"end":{"line":27,"column":50}},"15":{"start":{"line":28,"column":4},"end":{"line":28,"column":26}},"16":{"start":{"line":32,"column":18},"end":{"line":32,"column":45}},"17":{"start":{"line":33,"column":19},"end":{"line":33,"column":42}},"18":{"start":{"line":34,"column":4},"end":{"line":34,"column":23}},"19":{"start":{"line":38,"column":18},"end":{"line":38,"column":59}},"20":{"start":{"line":39,"column":19},"end":{"line":39,"column":48}},"21":{"start":{"line":40,"column":4},"end":{"line":40,"column":26}},"22":{"start":{"line":44,"column":40},"end":{"line":44,"column":44}},"23":{"start":{"line":47,"column":4},"end":{"line":49,"column":5}},"24":{"start":{"line":48,"column":8},"end":{"line":48,"column":63}},"25":{"start":{"line":52,"column":27},"end":{"line":52,"column":67}},"26":{"start":{"line":53,"column":28},"end":{"line":53,"column":74}},"27":{"start":{"line":54,"column":4},"end":{"line":56,"column":5}},"28":{"start":{"line":55,"column":8},"end":{"line":55,"column":48}},"29":{"start":{"line":59,"column":30},"end":{"line":59,"column":71}},"30":{"start":{"line":60,"column":31},"end":{"line":60,"column":81}},"31":{"start":{"line":61,"column":4},"end":{"line":63,"column":5}},"32":{"start":{"line":62,"column":8},"end":{"line":62,"column":49}},"33":{"start":{"line":65,"column":18},"end":{"line":65,"column":102}},"34":{"start":{"line":66,"column":19},"end":{"line":66,"column":48}},"35":{"start":{"line":67,"column":19},"end":{"line":67,"column":50}},"36":{"start":{"line":68,"column":4},"end":{"line":68,"column":26}},"37":{"start":{"line":72,"column":18},"end":{"line":72,"column":69}},"38":{"start":{"line":73,"column":19},"end":{"line":73,"column":48}},"39":{"start":{"line":74,"column":4},"end":{"line":74,"column":26}},"40":{"start":{"line":77,"column":0},"end":{"line":83,"column":2}}},"fnMap":{"0":{"name":"createWishlist","decl":{"start":{"line":3,"column":15},"end":{"line":3,"column":29}},"loc":{"start":{"line":3,"column":36},"end":{"line":29,"column":1}},"line":3},"1":{"name":"getAllWishlists","decl":{"start":{"line":31,"column":15},"end":{"line":31,"column":30}},"loc":{"start":{"line":31,"column":33},"end":{"line":35,"column":1}},"line":31},"2":{"name":"getWishlistById","decl":{"start":{"line":37,"column":15},"end":{"line":37,"column":30}},"loc":{"start":{"line":37,"column":35},"end":{"line":41,"column":1}},"line":37},"3":{"name":"updateWishlist","decl":{"start":{"line":43,"column":15},"end":{"line":43,"column":29}},"loc":{"start":{"line":43,"column":40},"end":{"line":69,"column":1}},"line":43},"4":{"name":"deleteWishlist","decl":{"start":{"line":71,"column":15},"end":{"line":71,"column":29}},"loc":{"start":{"line":71,"column":34},"end":{"line":75,"column":1}},"line":71}},"branchMap":{"0":{"loc":{"start":{"line":7,"column":4},"end":{"line":9,"column":5}},"type":"if","locations":[{"start":{"line":7,"column":4},"end":{"line":9,"column":5}},{"start":{},"end":{}}],"line":7},"1":{"loc":{"start":{"line":7,"column":8},"end":{"line":7,"column":35}},"type":"binary-expr","locations":[{"start":{"line":7,"column":8},"end":{"line":7,"column":19}},{"start":{"line":7,"column":23},"end":{"line":7,"column":35}}],"line":7},"2":{"loc":{"start":{"line":14,"column":4},"end":{"line":16,"column":5}},"type":"if","locations":[{"start":{"line":14,"column":4},"end":{"line":16,"column":5}},{"start":{},"end":{}}],"line":14},"3":{"loc":{"start":{"line":21,"column":4},"end":{"line":23,"column":5}},"type":"if","locations":[{"start":{"line":21,"column":4},"end":{"line":23,"column":5}},{"start":{},"end":{}}],"line":21},"4":{"loc":{"start":{"line":47,"column":4},"end":{"line":49,"column":5}},"type":"if","locations":[{"start":{"line":47,"column":4},"end":{"line":49,"column":5}},{"start":{},"end":{}}],"line":47},"5":{"loc":{"start":{"line":47,"column":8},"end":{"line":47,"column":35}},"type":"binary-expr","locations":[{"start":{"line":47,"column":8},"end":{"line":47,"column":19}},{"start":{"line":47,"column":23},"end":{"line":47,"column":35}}],"line":47},"6":{"loc":{"start":{"line":54,"column":4},"end":{"line":56,"column":5}},"type":"if","locations":[{"start":{"line":54,"column":4},"end":{"line":56,"column":5}},{"start":{},"end":{}}],"line":54},"7":{"loc":{"start":{"line":61,"column":4},"end":{"line":63,"column":5}},"type":"if","locations":[{"start":{"line":61,"column":4},"end":{"line":63,"column":5}},{"start":{},"end":{}}],"line":61}},"s":{"0":1,"1":4,"2":4,"3":1,"4":3,"5":3,"6":3,"7":1,"8":2,"9":2,"10":2,"11":1,"12":1,"13":1,"14":1,"15":1,"16":1,"17":1,"18":1,"19":2,"20":2,"21":2,"22":4,"23":4,"24":1,"25":3,"26":3,"27":3,"28":1,"29":2,"30":2,"31":2,"32":1,"33":1,"34":1,"35":1,"36":1,"37":2,"38":2,"39":2,"40":1},"f":{"0":4,"1":1,"2":2,"3":4,"4":2},"b":{"0":[1,3],"1":[4,4],"2":[1,2],"3":[1,1],"4":[1,3],"5":[4,4],"6":[1,2],"7":[1,1]},"_coverageSchema":"1a1c01bbd47fc00a2c39e90264f33305004495a9","hash":"7d477b850c88b9cd78944989275742e581c5eb07"}
}
