{"C:\\Users\\DELL\\Desktop\\Integracion de Plataformas\\render-api-24\\version1\\1.1\\controllers\\carritoController.js": {"path":"C:\\Users\\DELL\\Desktop\\Integracion de Plataformas\\render-api-24\\version1\\1.1\\controllers\\carritoController.js","statementMap":{"0":{"start":{"line":1,"column":13},"end":{"line":1,"column":35}},"1":{"start":{"line":3,"column":25},"end":{"line":22,"column":1}},"2":{"start":{"line":4,"column":50},"end":{"line":4,"column":58}},"3":{"start":{"line":6,"column":4},"end":{"line":21,"column":5}},"4":{"start":{"line":8,"column":25},"end":{"line":8,"column":99}},"5":{"start":{"line":10,"column":8},"end":{"line":12,"column":9}},"6":{"start":{"line":11,"column":12},"end":{"line":11,"column":110}},"7":{"start":{"line":15,"column":8},"end":{"line":15,"column":148}},"8":{"start":{"line":17,"column":8},"end":{"line":17,"column":88}},"9":{"start":{"line":19,"column":8},"end":{"line":19,"column":70}},"10":{"start":{"line":20,"column":8},"end":{"line":20,"column":94}},"11":{"start":{"line":24,"column":20},"end":{"line":34,"column":1}},"12":{"start":{"line":25,"column":27},"end":{"line":25,"column":37}},"13":{"start":{"line":27,"column":4},"end":{"line":33,"column":5}},"14":{"start":{"line":28,"column":24},"end":{"line":28,"column":108}},"15":{"start":{"line":29,"column":8},"end":{"line":29,"column":43}},"16":{"start":{"line":31,"column":8},"end":{"line":31,"column":72}},"17":{"start":{"line":32,"column":8},"end":{"line":32,"column":96}},"18":{"start":{"line":36,"column":26},"end":{"line":47,"column":1}},"19":{"start":{"line":37,"column":27},"end":{"line":37,"column":37}},"20":{"start":{"line":38,"column":25},"end":{"line":38,"column":33}},"21":{"start":{"line":40,"column":4},"end":{"line":46,"column":5}},"22":{"start":{"line":41,"column":8},"end":{"line":41,"column":106}},"23":{"start":{"line":42,"column":8},"end":{"line":42,"column":106}},"24":{"start":{"line":44,"column":8},"end":{"line":44,"column":88}},"25":{"start":{"line":45,"column":8},"end":{"line":45,"column":112}},"26":{"start":{"line":49,"column":26},"end":{"line":59,"column":1}},"27":{"start":{"line":50,"column":27},"end":{"line":50,"column":37}},"28":{"start":{"line":52,"column":4},"end":{"line":58,"column":5}},"29":{"start":{"line":53,"column":8},"end":{"line":53,"column":83}},"30":{"start":{"line":54,"column":8},"end":{"line":54,"column":90}},"31":{"start":{"line":56,"column":8},"end":{"line":56,"column":72}},"32":{"start":{"line":57,"column":8},"end":{"line":57,"column":96}},"33":{"start":{"line":61,"column":0},"end":{"line":66,"column":2}}},"fnMap":{"0":{"name":"(anonymous_0)","decl":{"start":{"line":3,"column":25},"end":{"line":3,"column":26}},"loc":{"start":{"line":3,"column":45},"end":{"line":22,"column":1}},"line":3},"1":{"name":"(anonymous_1)","decl":{"start":{"line":24,"column":20},"end":{"line":24,"column":21}},"loc":{"start":{"line":24,"column":40},"end":{"line":34,"column":1}},"line":24},"2":{"name":"(anonymous_2)","decl":{"start":{"line":36,"column":26},"end":{"line":36,"column":27}},"loc":{"start":{"line":36,"column":46},"end":{"line":47,"column":1}},"line":36},"3":{"name":"(anonymous_3)","decl":{"start":{"line":49,"column":26},"end":{"line":49,"column":27}},"loc":{"start":{"line":49,"column":46},"end":{"line":59,"column":1}},"line":49}},"branchMap":{"0":{"loc":{"start":{"line":10,"column":8},"end":{"line":12,"column":9}},"type":"if","locations":[{"start":{"line":10,"column":8},"end":{"line":12,"column":9}},{"start":{},"end":{}}],"line":10},"1":{"loc":{"start":{"line":10,"column":12},"end":{"line":10,"column":72}},"type":"binary-expr","locations":[{"start":{"line":10,"column":12},"end":{"line":10,"column":35}},{"start":{"line":10,"column":39},"end":{"line":10,"column":72}}],"line":10}},"s":{"0":1,"1":1,"2":3,"3":3,"4":3,"5":3,"6":2,"7":1,"8":1,"9":0,"10":0,"11":1,"12":2,"13":2,"14":2,"15":1,"16":1,"17":1,"18":1,"19":2,"20":2,"21":2,"22":2,"23":1,"24":1,"25":1,"26":1,"27":2,"28":2,"29":2,"30":1,"31":1,"32":1,"33":1},"f":{"0":3,"1":2,"2":2,"3":2},"b":{"0":[2,1],"1":[3,2]},"_coverageSchema":"1a1c01bbd47fc00a2c39e90264f33305004495a9","hash":"52a478d35332110420ddd6f6a4bd6473b608531e"}
,"C:\\Users\\DELL\\Desktop\\Integracion de Plataformas\\render-api-24\\version1\\1.1\\controllers\\detalleVentaController.js": {"path":"C:\\Users\\DELL\\Desktop\\Integracion de Plataformas\\render-api-24\\version1\\1.1\\controllers\\detalleVentaController.js","statementMap":{"0":{"start":{"line":1,"column":21},"end":{"line":1,"column":59}},"1":{"start":{"line":3,"column":0},"end":{"line":12,"column":2}},"2":{"start":{"line":4,"column":4},"end":{"line":11,"column":5}},"3":{"start":{"line":5,"column":81},"end":{"line":5,"column":89}},"4":{"start":{"line":6,"column":32},"end":{"line":6,"column":131}},"5":{"start":{"line":7,"column":8},"end":{"line":7,"column":46}},"6":{"start":{"line":9,"column":8},"end":{"line":9,"column":66}},"7":{"start":{"line":10,"column":8},"end":{"line":10,"column":53}},"8":{"start":{"line":14,"column":0},"end":{"line":22,"column":2}},"9":{"start":{"line":15,"column":4},"end":{"line":21,"column":5}},"10":{"start":{"line":16,"column":30},"end":{"line":16,"column":71}},"11":{"start":{"line":17,"column":8},"end":{"line":17,"column":32}},"12":{"start":{"line":19,"column":8},"end":{"line":19,"column":67}},"13":{"start":{"line":20,"column":8},"end":{"line":20,"column":53}},"14":{"start":{"line":24,"column":0},"end":{"line":35,"column":2}},"15":{"start":{"line":25,"column":4},"end":{"line":34,"column":5}},"16":{"start":{"line":26,"column":29},"end":{"line":26,"column":87}},"17":{"start":{"line":27,"column":8},"end":{"line":29,"column":9}},"18":{"start":{"line":28,"column":12},"end":{"line":28,"column":76}},"19":{"start":{"line":30,"column":8},"end":{"line":30,"column":31}},"20":{"start":{"line":32,"column":8},"end":{"line":32,"column":66}},"21":{"start":{"line":33,"column":8},"end":{"line":33,"column":53}},"22":{"start":{"line":37,"column":0},"end":{"line":49,"column":2}},"23":{"start":{"line":38,"column":4},"end":{"line":48,"column":5}},"24":{"start":{"line":39,"column":81},"end":{"line":39,"column":89}},"25":{"start":{"line":40,"column":36},"end":{"line":40,"column":154}},"26":{"start":{"line":41,"column":8},"end":{"line":43,"column":9}},"27":{"start":{"line":42,"column":12},"end":{"line":42,"column":76}},"28":{"start":{"line":44,"column":8},"end":{"line":44,"column":38}},"29":{"start":{"line":46,"column":8},"end":{"line":46,"column":66}},"30":{"start":{"line":47,"column":8},"end":{"line":47,"column":53}},"31":{"start":{"line":51,"column":0},"end":{"line":59,"column":2}},"32":{"start":{"line":52,"column":4},"end":{"line":58,"column":5}},"33":{"start":{"line":53,"column":8},"end":{"line":53,"column":63}},"34":{"start":{"line":54,"column":8},"end":{"line":54,"column":31}},"35":{"start":{"line":56,"column":8},"end":{"line":56,"column":66}},"36":{"start":{"line":57,"column":8},"end":{"line":57,"column":53}}},"fnMap":{"0":{"name":"(anonymous_0)","decl":{"start":{"line":3,"column":28},"end":{"line":3,"column":29}},"loc":{"start":{"line":3,"column":48},"end":{"line":12,"column":1}},"line":3},"1":{"name":"(anonymous_1)","decl":{"start":{"line":14,"column":39},"end":{"line":14,"column":40}},"loc":{"start":{"line":14,"column":59},"end":{"line":22,"column":1}},"line":14},"2":{"name":"(anonymous_2)","decl":{"start":{"line":24,"column":30},"end":{"line":24,"column":31}},"loc":{"start":{"line":24,"column":50},"end":{"line":35,"column":1}},"line":24},"3":{"name":"(anonymous_3)","decl":{"start":{"line":37,"column":38},"end":{"line":37,"column":39}},"loc":{"start":{"line":37,"column":58},"end":{"line":49,"column":1}},"line":37},"4":{"name":"(anonymous_4)","decl":{"start":{"line":51,"column":36},"end":{"line":51,"column":37}},"loc":{"start":{"line":51,"column":56},"end":{"line":59,"column":1}},"line":51}},"branchMap":{"0":{"loc":{"start":{"line":27,"column":8},"end":{"line":29,"column":9}},"type":"if","locations":[{"start":{"line":27,"column":8},"end":{"line":29,"column":9}},{"start":{},"end":{}}],"line":27},"1":{"loc":{"start":{"line":41,"column":8},"end":{"line":43,"column":9}},"type":"if","locations":[{"start":{"line":41,"column":8},"end":{"line":43,"column":9}},{"start":{},"end":{}}],"line":41}},"s":{"0":1,"1":1,"2":2,"3":2,"4":2,"5":1,"6":1,"7":1,"8":1,"9":2,"10":2,"11":1,"12":1,"13":1,"14":1,"15":3,"16":3,"17":2,"18":1,"19":1,"20":1,"21":1,"22":1,"23":3,"24":3,"25":3,"26":2,"27":1,"28":1,"29":1,"30":1,"31":1,"32":2,"33":2,"34":1,"35":1,"36":1},"f":{"0":2,"1":2,"2":3,"3":3,"4":2},"b":{"0":[1,1],"1":[1,1]},"_coverageSchema":"1a1c01bbd47fc00a2c39e90264f33305004495a9","hash":"96abfc6b3d9cbf495c9f3f7d9cc127512fb1b373"}
,"C:\\Users\\DELL\\Desktop\\Integracion de Plataformas\\render-api-24\\version1\\1.1\\controllers\\logController.js": {"path":"C:\\Users\\DELL\\Desktop\\Integracion de Plataformas\\render-api-24\\version1\\1.1\\controllers\\logController.js","statementMap":{"0":{"start":{"line":1,"column":35},"end":{"line":1,"column":64}},"1":{"start":{"line":4,"column":29},"end":{"line":14,"column":1}},"2":{"start":{"line":5,"column":4},"end":{"line":13,"column":5}},"3":{"start":{"line":6,"column":8},"end":{"line":6,"column":72}},"4":{"start":{"line":7,"column":21},"end":{"line":7,"column":39}},"5":{"start":{"line":8,"column":8},"end":{"line":8,"column":45}},"6":{"start":{"line":9,"column":8},"end":{"line":9,"column":35}},"7":{"start":{"line":11,"column":8},"end":{"line":11,"column":53}},"8":{"start":{"line":12,"column":8},"end":{"line":12,"column":87}},"9":{"start":{"line":17,"column":29},"end":{"line":27,"column":1}},"10":{"start":{"line":18,"column":4},"end":{"line":26,"column":5}},"11":{"start":{"line":19,"column":8},"end":{"line":19,"column":86}},"12":{"start":{"line":20,"column":20},"end":{"line":20,"column":51}},"13":{"start":{"line":21,"column":8},"end":{"line":21,"column":42}},"14":{"start":{"line":22,"column":8},"end":{"line":22,"column":34}},"15":{"start":{"line":24,"column":8},"end":{"line":24,"column":52}},"16":{"start":{"line":25,"column":8},"end":{"line":25,"column":86}},"17":{"start":{"line":29,"column":0},"end":{"line":32,"column":2}}},"fnMap":{"0":{"name":"(anonymous_0)","decl":{"start":{"line":4,"column":29},"end":{"line":4,"column":30}},"loc":{"start":{"line":4,"column":49},"end":{"line":14,"column":1}},"line":4},"1":{"name":"(anonymous_1)","decl":{"start":{"line":17,"column":29},"end":{"line":17,"column":30}},"loc":{"start":{"line":17,"column":49},"end":{"line":27,"column":1}},"line":17}},"branchMap":{},"s":{"0":1,"1":1,"2":2,"3":2,"4":2,"5":1,"6":1,"7":1,"8":1,"9":1,"10":3,"11":3,"12":3,"13":1,"14":1,"15":2,"16":2,"17":1},"f":{"0":2,"1":3},"b":{},"_coverageSchema":"1a1c01bbd47fc00a2c39e90264f33305004495a9","hash":"41852d0503b7fb34c5506187216127784edf80bc"}
,"C:\\Users\\DELL\\Desktop\\Integracion de Plataformas\\render-api-24\\version1\\1.1\\controllers\\ventasController.js": {"path":"C:\\Users\\DELL\\Desktop\\Integracion de Plataformas\\render-api-24\\version1\\1.1\\controllers\\ventasController.js","statementMap":{"0":{"start":{"line":1,"column":14},"end":{"line":1,"column":46}},"1":{"start":{"line":2,"column":13},"end":{"line":2,"column":35}},"2":{"start":{"line":3,"column":22},"end":{"line":3,"column":51}},"3":{"start":{"line":5,"column":0},"end":{"line":25,"column":2}},"4":{"start":{"line":6,"column":4},"end":{"line":24,"column":5}},"5":{"start":{"line":7,"column":38},"end":{"line":7,"column":46}},"6":{"start":{"line":10,"column":30},"end":{"line":10,"column":102}},"7":{"start":{"line":11,"column":8},"end":{"line":13,"column":9}},"8":{"start":{"line":12,"column":12},"end":{"line":12,"column":81}},"9":{"start":{"line":15,"column":25},"end":{"line":15,"column":67}},"10":{"start":{"line":18,"column":8},"end":{"line":18,"column":108}},"11":{"start":{"line":20,"column":8},"end":{"line":20,"column":39}},"12":{"start":{"line":22,"column":8},"end":{"line":22,"column":59}},"13":{"start":{"line":23,"column":8},"end":{"line":23,"column":53}},"14":{"start":{"line":27,"column":0},"end":{"line":35,"column":2}},"15":{"start":{"line":28,"column":4},"end":{"line":34,"column":5}},"16":{"start":{"line":29,"column":23},"end":{"line":29,"column":50}},"17":{"start":{"line":30,"column":8},"end":{"line":30,"column":25}},"18":{"start":{"line":32,"column":8},"end":{"line":32,"column":60}},"19":{"start":{"line":33,"column":8},"end":{"line":33,"column":53}},"20":{"start":{"line":37,"column":0},"end":{"line":48,"column":2}},"21":{"start":{"line":38,"column":4},"end":{"line":47,"column":5}},"22":{"start":{"line":39,"column":22},"end":{"line":39,"column":66}},"23":{"start":{"line":40,"column":8},"end":{"line":42,"column":9}},"24":{"start":{"line":41,"column":12},"end":{"line":41,"column":69}},"25":{"start":{"line":43,"column":8},"end":{"line":43,"column":24}},"26":{"start":{"line":45,"column":8},"end":{"line":45,"column":59}},"27":{"start":{"line":46,"column":8},"end":{"line":46,"column":53}},"28":{"start":{"line":50,"column":0},"end":{"line":66,"column":2}},"29":{"start":{"line":51,"column":4},"end":{"line":65,"column":5}},"30":{"start":{"line":52,"column":38},"end":{"line":52,"column":46}},"31":{"start":{"line":53,"column":29},"end":{"line":53,"column":90}},"32":{"start":{"line":54,"column":8},"end":{"line":56,"column":9}},"33":{"start":{"line":55,"column":12},"end":{"line":55,"column":69}},"34":{"start":{"line":59,"column":8},"end":{"line":59,"column":109}},"35":{"start":{"line":61,"column":8},"end":{"line":61,"column":31}},"36":{"start":{"line":63,"column":8},"end":{"line":63,"column":59}},"37":{"start":{"line":64,"column":8},"end":{"line":64,"column":53}},"38":{"start":{"line":68,"column":0},"end":{"line":80,"column":2}},"39":{"start":{"line":69,"column":4},"end":{"line":79,"column":5}},"40":{"start":{"line":70,"column":8},"end":{"line":70,"column":49}},"41":{"start":{"line":73,"column":8},"end":{"line":73,"column":77}},"42":{"start":{"line":75,"column":8},"end":{"line":75,"column":31}},"43":{"start":{"line":77,"column":8},"end":{"line":77,"column":59}},"44":{"start":{"line":78,"column":8},"end":{"line":78,"column":53}}},"fnMap":{"0":{"name":"(anonymous_0)","decl":{"start":{"line":5,"column":21},"end":{"line":5,"column":22}},"loc":{"start":{"line":5,"column":41},"end":{"line":25,"column":1}},"line":5},"1":{"name":"(anonymous_1)","decl":{"start":{"line":27,"column":32},"end":{"line":27,"column":33}},"loc":{"start":{"line":27,"column":52},"end":{"line":35,"column":1}},"line":27},"2":{"name":"(anonymous_2)","decl":{"start":{"line":37,"column":23},"end":{"line":37,"column":24}},"loc":{"start":{"line":37,"column":43},"end":{"line":48,"column":1}},"line":37},"3":{"name":"(anonymous_3)","decl":{"start":{"line":50,"column":31},"end":{"line":50,"column":32}},"loc":{"start":{"line":50,"column":51},"end":{"line":66,"column":1}},"line":50},"4":{"name":"(anonymous_4)","decl":{"start":{"line":68,"column":29},"end":{"line":68,"column":30}},"loc":{"start":{"line":68,"column":49},"end":{"line":80,"column":1}},"line":68}},"branchMap":{"0":{"loc":{"start":{"line":11,"column":8},"end":{"line":13,"column":9}},"type":"if","locations":[{"start":{"line":11,"column":8},"end":{"line":13,"column":9}},{"start":{},"end":{}}],"line":11},"1":{"loc":{"start":{"line":40,"column":8},"end":{"line":42,"column":9}},"type":"if","locations":[{"start":{"line":40,"column":8},"end":{"line":42,"column":9}},{"start":{},"end":{}}],"line":40},"2":{"loc":{"start":{"line":54,"column":8},"end":{"line":56,"column":9}},"type":"if","locations":[{"start":{"line":54,"column":8},"end":{"line":56,"column":9}},{"start":{},"end":{}}],"line":54}},"s":{"0":1,"1":1,"2":1,"3":1,"4":3,"5":3,"6":3,"7":3,"8":1,"9":2,"10":1,"11":1,"12":1,"13":1,"14":1,"15":2,"16":2,"17":1,"18":1,"19":1,"20":1,"21":3,"22":3,"23":2,"24":1,"25":1,"26":1,"27":1,"28":1,"29":3,"30":3,"31":3,"32":2,"33":1,"34":1,"35":1,"36":1,"37":1,"38":1,"39":2,"40":2,"41":1,"42":1,"43":1,"44":1},"f":{"0":3,"1":2,"2":3,"3":3,"4":2},"b":{"0":[1,2],"1":[1,1],"2":[1,1]},"_coverageSchema":"1a1c01bbd47fc00a2c39e90264f33305004495a9","hash":"4b33df60dad149b3952358b6eb6000780cac8c44"}
,"C:\\Users\\DELL\\Desktop\\Integracion de Plataformas\\render-api-24\\version1\\1.1\\models\\CategoriasProductos.js": {"path":"C:\\Users\\DELL\\Desktop\\Integracion de Plataformas\\render-api-24\\version1\\1.1\\models\\CategoriasProductos.js","statementMap":{"0":{"start":{"line":1,"column":13},"end":{"line":1,"column":35}},"1":{"start":{"line":5,"column":20},"end":{"line":5,"column":75}},"2":{"start":{"line":6,"column":8},"end":{"line":6,"column":24}},"3":{"start":{"line":10,"column":20},"end":{"line":10,"column":95}},"4":{"start":{"line":11,"column":8},"end":{"line":11,"column":27}},"5":{"start":{"line":15,"column":20},"end":{"line":15,"column":116}},"6":{"start":{"line":16,"column":8},"end":{"line":16,"column":27}},"7":{"start":{"line":20,"column":20},"end":{"line":20,"column":124}},"8":{"start":{"line":21,"column":8},"end":{"line":21,"column":27}},"9":{"start":{"line":25,"column":20},"end":{"line":25,"column":105}},"10":{"start":{"line":26,"column":8},"end":{"line":26,"column":27}},"11":{"start":{"line":30,"column":0},"end":{"line":30,"column":37}}},"fnMap":{"0":{"name":"(anonymous_0)","decl":{"start":{"line":4,"column":4},"end":{"line":4,"column":5}},"loc":{"start":{"line":4,"column":26},"end":{"line":7,"column":5}},"line":4},"1":{"name":"(anonymous_1)","decl":{"start":{"line":9,"column":4},"end":{"line":9,"column":5}},"loc":{"start":{"line":9,"column":29},"end":{"line":12,"column":5}},"line":9},"2":{"name":"(anonymous_2)","decl":{"start":{"line":14,"column":4},"end":{"line":14,"column":5}},"loc":{"start":{"line":14,"column":32},"end":{"line":17,"column":5}},"line":14},"3":{"name":"(anonymous_3)","decl":{"start":{"line":19,"column":4},"end":{"line":19,"column":5}},"loc":{"start":{"line":19,"column":36},"end":{"line":22,"column":5}},"line":19},"4":{"name":"(anonymous_4)","decl":{"start":{"line":24,"column":4},"end":{"line":24,"column":5}},"loc":{"start":{"line":24,"column":28},"end":{"line":27,"column":5}},"line":24}},"branchMap":{},"s":{"0":1,"1":1,"2":1,"3":2,"4":2,"5":1,"6":1,"7":1,"8":1,"9":1,"10":1,"11":1},"f":{"0":1,"1":2,"2":1,"3":1,"4":1},"b":{},"_coverageSchema":"1a1c01bbd47fc00a2c39e90264f33305004495a9","hash":"26a0dc18d02563ca7b0f6da4603c50b4c699d6ef"}
,"C:\\Users\\DELL\\Desktop\\Integracion de Plataformas\\render-api-24\\version1\\1.1\\models\\detalleVentaModel.js": {"path":"C:\\Users\\DELL\\Desktop\\Integracion de Plataformas\\render-api-24\\version1\\1.1\\models\\detalleVentaModel.js","statementMap":{"0":{"start":{"line":1,"column":13},"end":{"line":1,"column":35}},"1":{"start":{"line":4,"column":18},"end":{"line":4,"column":149}},"2":{"start":{"line":5,"column":19},"end":{"line":5,"column":81}},"3":{"start":{"line":7,"column":4},"end":{"line":13,"column":5}},"4":{"start":{"line":8,"column":23},"end":{"line":8,"column":54}},"5":{"start":{"line":9,"column":8},"end":{"line":9,"column":30}},"6":{"start":{"line":11,"column":8},"end":{"line":11,"column":61}},"7":{"start":{"line":12,"column":8},"end":{"line":12,"column":20}},"8":{"start":{"line":17,"column":18},"end":{"line":17,"column":48}},"9":{"start":{"line":19,"column":4},"end":{"line":25,"column":5}},"10":{"start":{"line":20,"column":23},"end":{"line":20,"column":46}},"11":{"start":{"line":21,"column":8},"end":{"line":21,"column":27}},"12":{"start":{"line":23,"column":8},"end":{"line":23,"column":68}},"13":{"start":{"line":24,"column":8},"end":{"line":24,"column":20}},"14":{"start":{"line":29,"column":18},"end":{"line":29,"column":62}},"15":{"start":{"line":30,"column":19},"end":{"line":30,"column":23}},"16":{"start":{"line":32,"column":4},"end":{"line":38,"column":5}},"17":{"start":{"line":33,"column":23},"end":{"line":33,"column":54}},"18":{"start":{"line":34,"column":8},"end":{"line":34,"column":30}},"19":{"start":{"line":36,"column":8},"end":{"line":36,"column":74}},"20":{"start":{"line":37,"column":8},"end":{"line":37,"column":20}},"21":{"start":{"line":42,"column":18},"end":{"line":42,"column":157}},"22":{"start":{"line":43,"column":19},"end":{"line":43,"column":85}},"23":{"start":{"line":45,"column":4},"end":{"line":51,"column":5}},"24":{"start":{"line":46,"column":23},"end":{"line":46,"column":54}},"25":{"start":{"line":47,"column":8},"end":{"line":47,"column":30}},"26":{"start":{"line":49,"column":8},"end":{"line":49,"column":70}},"27":{"start":{"line":50,"column":8},"end":{"line":50,"column":20}},"28":{"start":{"line":55,"column":18},"end":{"line":55,"column":60}},"29":{"start":{"line":56,"column":19},"end":{"line":56,"column":23}},"30":{"start":{"line":58,"column":4},"end":{"line":63,"column":5}},"31":{"start":{"line":59,"column":8},"end":{"line":59,"column":40}},"32":{"start":{"line":61,"column":8},"end":{"line":61,"column":68}},"33":{"start":{"line":62,"column":8},"end":{"line":62,"column":20}},"34":{"start":{"line":66,"column":0},"end":{"line":72,"column":2}}},"fnMap":{"0":{"name":"createDetalleVenta","decl":{"start":{"line":3,"column":15},"end":{"line":3,"column":33}},"loc":{"start":{"line":3,"column":96},"end":{"line":14,"column":1}},"line":3},"1":{"name":"obtenerDetallesVenta","decl":{"start":{"line":16,"column":15},"end":{"line":16,"column":35}},"loc":{"start":{"line":16,"column":38},"end":{"line":26,"column":1}},"line":16},"2":{"name":"obtenerDetalleVentaPorId","decl":{"start":{"line":28,"column":15},"end":{"line":28,"column":39}},"loc":{"start":{"line":28,"column":44},"end":{"line":39,"column":1}},"line":28},"3":{"name":"actualizarDetalleVenta","decl":{"start":{"line":41,"column":15},"end":{"line":41,"column":37}},"loc":{"start":{"line":41,"column":104},"end":{"line":52,"column":1}},"line":41},"4":{"name":"eliminarDetalleVenta","decl":{"start":{"line":54,"column":15},"end":{"line":54,"column":35}},"loc":{"start":{"line":54,"column":40},"end":{"line":64,"column":1}},"line":54}},"branchMap":{},"s":{"0":2,"1":2,"2":2,"3":2,"4":2,"5":1,"6":1,"7":1,"8":2,"9":2,"10":2,"11":1,"12":1,"13":1,"14":3,"15":3,"16":3,"17":3,"18":2,"19":1,"20":1,"21":2,"22":2,"23":2,"24":2,"25":1,"26":1,"27":1,"28":2,"29":2,"30":2,"31":2,"32":1,"33":1,"34":2},"f":{"0":2,"1":2,"2":3,"3":2,"4":2},"b":{},"_coverageSchema":"1a1c01bbd47fc00a2c39e90264f33305004495a9","hash":"bfe086b0da47c5ab59f2ab23280dce4f7f127955"}
,"C:\\Users\\DELL\\Desktop\\Integracion de Plataformas\\render-api-24\\version1\\1.1\\models\\logModel.js": {"path":"C:\\Users\\DELL\\Desktop\\Integracion de Plataformas\\render-api-24\\version1\\1.1\\models\\logModel.js","statementMap":{"0":{"start":{"line":1,"column":13},"end":{"line":1,"column":35}},"1":{"start":{"line":5,"column":18},"end":{"line":9,"column":5}},"2":{"start":{"line":10,"column":19},"end":{"line":10,"column":38}},"3":{"start":{"line":11,"column":4},"end":{"line":17,"column":5}},"4":{"start":{"line":12,"column":23},"end":{"line":12,"column":54}},"5":{"start":{"line":13,"column":8},"end":{"line":13,"column":30}},"6":{"start":{"line":15,"column":8},"end":{"line":15,"column":56}},"7":{"start":{"line":16,"column":8},"end":{"line":16,"column":20}},"8":{"start":{"line":22,"column":18},"end":{"line":22,"column":40}},"9":{"start":{"line":23,"column":4},"end":{"line":31,"column":5}},"10":{"start":{"line":24,"column":8},"end":{"line":24,"column":74}},"11":{"start":{"line":25,"column":23},"end":{"line":25,"column":46}},"12":{"start":{"line":26,"column":8},"end":{"line":26,"column":62}},"13":{"start":{"line":27,"column":8},"end":{"line":27,"column":27}},"14":{"start":{"line":29,"column":8},"end":{"line":29,"column":53}},"15":{"start":{"line":30,"column":8},"end":{"line":30,"column":20}},"16":{"start":{"line":36,"column":18},"end":{"line":36,"column":54}},"17":{"start":{"line":37,"column":19},"end":{"line":37,"column":23}},"18":{"start":{"line":38,"column":4},"end":{"line":50,"column":5}},"19":{"start":{"line":39,"column":8},"end":{"line":39,"column":77}},"20":{"start":{"line":40,"column":23},"end":{"line":40,"column":54}},"21":{"start":{"line":41,"column":8},"end":{"line":44,"column":9}},"22":{"start":{"line":42,"column":12},"end":{"line":42,"column":45}},"23":{"start":{"line":43,"column":12},"end":{"line":43,"column":49}},"24":{"start":{"line":45,"column":8},"end":{"line":45,"column":65}},"25":{"start":{"line":46,"column":8},"end":{"line":46,"column":30}},"26":{"start":{"line":48,"column":8},"end":{"line":48,"column":64}},"27":{"start":{"line":49,"column":8},"end":{"line":49,"column":20}},"28":{"start":{"line":53,"column":0},"end":{"line":57,"column":2}}},"fnMap":{"0":{"name":"createLog","decl":{"start":{"line":4,"column":15},"end":{"line":4,"column":24}},"loc":{"start":{"line":4,"column":44},"end":{"line":18,"column":1}},"line":4},"1":{"name":"getAllLogs","decl":{"start":{"line":21,"column":15},"end":{"line":21,"column":25}},"loc":{"start":{"line":21,"column":28},"end":{"line":32,"column":1}},"line":21},"2":{"name":"getLogById","decl":{"start":{"line":35,"column":15},"end":{"line":35,"column":25}},"loc":{"start":{"line":35,"column":30},"end":{"line":51,"column":1}},"line":35}},"branchMap":{"0":{"loc":{"start":{"line":41,"column":8},"end":{"line":44,"column":9}},"type":"if","locations":[{"start":{"line":41,"column":8},"end":{"line":44,"column":9}},{"start":{},"end":{}}],"line":41}},"s":{"0":3,"1":2,"2":2,"3":2,"4":2,"5":1,"6":1,"7":1,"8":2,"9":2,"10":2,"11":2,"12":1,"13":1,"14":1,"15":1,"16":3,"17":3,"18":3,"19":3,"20":3,"21":2,"22":1,"23":1,"24":1,"25":1,"26":2,"27":2,"28":3},"f":{"0":2,"1":2,"2":3},"b":{"0":[1,1]},"_coverageSchema":"1a1c01bbd47fc00a2c39e90264f33305004495a9","hash":"e9442fe1456e87316d0526b0d3308e002de93c8d"}
,"C:\\Users\\DELL\\Desktop\\Integracion de Plataformas\\render-api-24\\version1\\1.1\\models\\ventasModel.js": {"path":"C:\\Users\\DELL\\Desktop\\Integracion de Plataformas\\render-api-24\\version1\\1.1\\models\\ventasModel.js","statementMap":{"0":{"start":{"line":1,"column":13},"end":{"line":1,"column":35}},"1":{"start":{"line":4,"column":18},"end":{"line":4,"column":88}},"2":{"start":{"line":5,"column":19},"end":{"line":5,"column":38}},"3":{"start":{"line":7,"column":4},"end":{"line":13,"column":5}},"4":{"start":{"line":8,"column":23},"end":{"line":8,"column":54}},"5":{"start":{"line":9,"column":8},"end":{"line":9,"column":30}},"6":{"start":{"line":11,"column":8},"end":{"line":11,"column":54}},"7":{"start":{"line":12,"column":8},"end":{"line":12,"column":20}},"8":{"start":{"line":17,"column":18},"end":{"line":17,"column":42}},"9":{"start":{"line":19,"column":4},"end":{"line":25,"column":5}},"10":{"start":{"line":20,"column":23},"end":{"line":20,"column":46}},"11":{"start":{"line":21,"column":8},"end":{"line":21,"column":27}},"12":{"start":{"line":23,"column":8},"end":{"line":23,"column":57}},"13":{"start":{"line":24,"column":8},"end":{"line":24,"column":20}},"14":{"start":{"line":29,"column":18},"end":{"line":29,"column":56}},"15":{"start":{"line":30,"column":19},"end":{"line":30,"column":23}},"16":{"start":{"line":32,"column":4},"end":{"line":38,"column":5}},"17":{"start":{"line":33,"column":23},"end":{"line":33,"column":54}},"18":{"start":{"line":34,"column":8},"end":{"line":34,"column":30}},"19":{"start":{"line":36,"column":8},"end":{"line":36,"column":63}},"20":{"start":{"line":37,"column":8},"end":{"line":37,"column":20}},"21":{"start":{"line":42,"column":18},"end":{"line":42,"column":93}},"22":{"start":{"line":43,"column":19},"end":{"line":43,"column":42}},"23":{"start":{"line":45,"column":4},"end":{"line":51,"column":5}},"24":{"start":{"line":46,"column":23},"end":{"line":46,"column":54}},"25":{"start":{"line":47,"column":8},"end":{"line":47,"column":30}},"26":{"start":{"line":49,"column":8},"end":{"line":49,"column":59}},"27":{"start":{"line":50,"column":8},"end":{"line":50,"column":20}},"28":{"start":{"line":55,"column":18},"end":{"line":55,"column":54}},"29":{"start":{"line":56,"column":19},"end":{"line":56,"column":23}},"30":{"start":{"line":58,"column":4},"end":{"line":63,"column":5}},"31":{"start":{"line":59,"column":8},"end":{"line":59,"column":40}},"32":{"start":{"line":61,"column":8},"end":{"line":61,"column":57}},"33":{"start":{"line":62,"column":8},"end":{"line":62,"column":20}},"34":{"start":{"line":66,"column":0},"end":{"line":72,"column":2}}},"fnMap":{"0":{"name":"createVenta","decl":{"start":{"line":3,"column":15},"end":{"line":3,"column":26}},"loc":{"start":{"line":3,"column":46},"end":{"line":14,"column":1}},"line":3},"1":{"name":"obtenerVentas","decl":{"start":{"line":16,"column":15},"end":{"line":16,"column":28}},"loc":{"start":{"line":16,"column":31},"end":{"line":26,"column":1}},"line":16},"2":{"name":"obtenerVentaPorId","decl":{"start":{"line":28,"column":15},"end":{"line":28,"column":32}},"loc":{"start":{"line":28,"column":37},"end":{"line":39,"column":1}},"line":28},"3":{"name":"actualizarVenta","decl":{"start":{"line":41,"column":15},"end":{"line":41,"column":30}},"loc":{"start":{"line":41,"column":54},"end":{"line":52,"column":1}},"line":41},"4":{"name":"eliminarVenta","decl":{"start":{"line":54,"column":15},"end":{"line":54,"column":28}},"loc":{"start":{"line":54,"column":33},"end":{"line":64,"column":1}},"line":54}},"branchMap":{},"s":{"0":2,"1":2,"2":2,"3":2,"4":2,"5":1,"6":1,"7":1,"8":2,"9":2,"10":2,"11":1,"12":1,"13":1,"14":2,"15":2,"16":2,"17":2,"18":1,"19":1,"20":1,"21":2,"22":2,"23":2,"24":2,"25":1,"26":1,"27":1,"28":2,"29":2,"30":2,"31":2,"32":1,"33":1,"34":2},"f":{"0":2,"1":2,"2":2,"3":2,"4":2},"b":{},"_coverageSchema":"1a1c01bbd47fc00a2c39e90264f33305004495a9","hash":"4407c64102ec2c7574f47e40fe3e0a2e66a75775"}
,"C:\\Users\\DELL\\Desktop\\Integracion de Plataformas\\render-api-24\\version1\\1.1\\models\\wishlistModel.js": {"path":"C:\\Users\\DELL\\Desktop\\Integracion de Plataformas\\render-api-24\\version1\\1.1\\models\\wishlistModel.js","statementMap":{"0":{"start":{"line":1,"column":13},"end":{"line":1,"column":35}},"1":{"start":{"line":4,"column":40},"end":{"line":4,"column":44}},"2":{"start":{"line":7,"column":4},"end":{"line":9,"column":5}},"3":{"start":{"line":8,"column":8},"end":{"line":8,"column":63}},"4":{"start":{"line":12,"column":27},"end":{"line":12,"column":67}},"5":{"start":{"line":13,"column":28},"end":{"line":13,"column":74}},"6":{"start":{"line":14,"column":4},"end":{"line":16,"column":5}},"7":{"start":{"line":15,"column":8},"end":{"line":15,"column":48}},"8":{"start":{"line":19,"column":30},"end":{"line":19,"column":71}},"9":{"start":{"line":20,"column":31},"end":{"line":20,"column":81}},"10":{"start":{"line":21,"column":4},"end":{"line":23,"column":5}},"11":{"start":{"line":22,"column":8},"end":{"line":22,"column":49}},"12":{"start":{"line":25,"column":18},"end":{"line":25,"column":97}},"13":{"start":{"line":26,"column":19},"end":{"line":26,"column":44}},"14":{"start":{"line":27,"column":19},"end":{"line":27,"column":50}},"15":{"start":{"line":28,"column":4},"end":{"line":28,"column":26}},"16":{"start":{"line":32,"column":18},"end":{"line":32,"column":45}},"17":{"start":{"line":33,"column":19},"end":{"line":33,"column":42}},"18":{"start":{"line":34,"column":4},"end":{"line":34,"column":23}},"19":{"start":{"line":38,"column":18},"end":{"line":38,"column":59}},"20":{"start":{"line":39,"column":19},"end":{"line":39,"column":48}},"21":{"start":{"line":40,"column":4},"end":{"line":40,"column":26}},"22":{"start":{"line":44,"column":40},"end":{"line":44,"column":44}},"23":{"start":{"line":47,"column":4},"end":{"line":49,"column":5}},"24":{"start":{"line":48,"column":8},"end":{"line":48,"column":63}},"25":{"start":{"line":52,"column":27},"end":{"line":52,"column":67}},"26":{"start":{"line":53,"column":28},"end":{"line":53,"column":74}},"27":{"start":{"line":54,"column":4},"end":{"line":56,"column":5}},"28":{"start":{"line":55,"column":8},"end":{"line":55,"column":48}},"29":{"start":{"line":59,"column":30},"end":{"line":59,"column":71}},"30":{"start":{"line":60,"column":31},"end":{"line":60,"column":81}},"31":{"start":{"line":61,"column":4},"end":{"line":63,"column":5}},"32":{"start":{"line":62,"column":8},"end":{"line":62,"column":49}},"33":{"start":{"line":65,"column":18},"end":{"line":65,"column":102}},"34":{"start":{"line":66,"column":19},"end":{"line":66,"column":48}},"35":{"start":{"line":67,"column":19},"end":{"line":67,"column":50}},"36":{"start":{"line":68,"column":4},"end":{"line":68,"column":26}},"37":{"start":{"line":72,"column":18},"end":{"line":72,"column":69}},"38":{"start":{"line":73,"column":19},"end":{"line":73,"column":48}},"39":{"start":{"line":74,"column":4},"end":{"line":74,"column":26}},"40":{"start":{"line":77,"column":0},"end":{"line":83,"column":2}}},"fnMap":{"0":{"name":"createWishlist","decl":{"start":{"line":3,"column":15},"end":{"line":3,"column":29}},"loc":{"start":{"line":3,"column":36},"end":{"line":29,"column":1}},"line":3},"1":{"name":"getAllWishlists","decl":{"start":{"line":31,"column":15},"end":{"line":31,"column":30}},"loc":{"start":{"line":31,"column":33},"end":{"line":35,"column":1}},"line":31},"2":{"name":"getWishlistById","decl":{"start":{"line":37,"column":15},"end":{"line":37,"column":30}},"loc":{"start":{"line":37,"column":35},"end":{"line":41,"column":1}},"line":37},"3":{"name":"updateWishlist","decl":{"start":{"line":43,"column":15},"end":{"line":43,"column":29}},"loc":{"start":{"line":43,"column":40},"end":{"line":69,"column":1}},"line":43},"4":{"name":"deleteWishlist","decl":{"start":{"line":71,"column":15},"end":{"line":71,"column":29}},"loc":{"start":{"line":71,"column":34},"end":{"line":75,"column":1}},"line":71}},"branchMap":{"0":{"loc":{"start":{"line":7,"column":4},"end":{"line":9,"column":5}},"type":"if","locations":[{"start":{"line":7,"column":4},"end":{"line":9,"column":5}},{"start":{},"end":{}}],"line":7},"1":{"loc":{"start":{"line":7,"column":8},"end":{"line":7,"column":35}},"type":"binary-expr","locations":[{"start":{"line":7,"column":8},"end":{"line":7,"column":19}},{"start":{"line":7,"column":23},"end":{"line":7,"column":35}}],"line":7},"2":{"loc":{"start":{"line":14,"column":4},"end":{"line":16,"column":5}},"type":"if","locations":[{"start":{"line":14,"column":4},"end":{"line":16,"column":5}},{"start":{},"end":{}}],"line":14},"3":{"loc":{"start":{"line":21,"column":4},"end":{"line":23,"column":5}},"type":"if","locations":[{"start":{"line":21,"column":4},"end":{"line":23,"column":5}},{"start":{},"end":{}}],"line":21},"4":{"loc":{"start":{"line":47,"column":4},"end":{"line":49,"column":5}},"type":"if","locations":[{"start":{"line":47,"column":4},"end":{"line":49,"column":5}},{"start":{},"end":{}}],"line":47},"5":{"loc":{"start":{"line":47,"column":8},"end":{"line":47,"column":35}},"type":"binary-expr","locations":[{"start":{"line":47,"column":8},"end":{"line":47,"column":19}},{"start":{"line":47,"column":23},"end":{"line":47,"column":35}}],"line":47},"6":{"loc":{"start":{"line":54,"column":4},"end":{"line":56,"column":5}},"type":"if","locations":[{"start":{"line":54,"column":4},"end":{"line":56,"column":5}},{"start":{},"end":{}}],"line":54},"7":{"loc":{"start":{"line":61,"column":4},"end":{"line":63,"column":5}},"type":"if","locations":[{"start":{"line":61,"column":4},"end":{"line":63,"column":5}},{"start":{},"end":{}}],"line":61}},"s":{"0":1,"1":4,"2":4,"3":1,"4":3,"5":3,"6":3,"7":1,"8":2,"9":2,"10":2,"11":1,"12":1,"13":1,"14":1,"15":1,"16":1,"17":1,"18":1,"19":2,"20":2,"21":2,"22":4,"23":4,"24":1,"25":3,"26":3,"27":3,"28":1,"29":2,"30":2,"31":2,"32":1,"33":1,"34":1,"35":1,"36":1,"37":2,"38":2,"39":2,"40":1},"f":{"0":4,"1":1,"2":2,"3":4,"4":2},"b":{"0":[1,3],"1":[4,4],"2":[1,2],"3":[1,1],"4":[1,3],"5":[4,4],"6":[1,2],"7":[1,1]},"_coverageSchema":"1a1c01bbd47fc00a2c39e90264f33305004495a9","hash":"7d477b850c88b9cd78944989275742e581c5eb07"}
}
