TN:
SF:controllers\carritoController.js
FN:3,(anonymous_0)
FN:24,(anonymous_1)
FN:36,(anonymous_2)
FN:49,(anonymous_3)
FNF:4
FNH:4
FNDA:3,(anonymous_0)
FNDA:2,(anonymous_1)
FNDA:2,(anonymous_2)
FNDA:2,(anonymous_3)
DA:1,1
DA:3,1
DA:4,3
DA:6,3
DA:8,3
DA:10,3
DA:11,2
DA:15,1
DA:17,1
DA:19,0
DA:20,0
DA:24,1
DA:25,2
DA:27,2
DA:28,2
DA:29,1
DA:31,1
DA:32,1
DA:36,1
DA:37,2
DA:38,2
DA:40,2
DA:41,2
DA:42,1
DA:44,1
DA:45,1
DA:49,1
DA:50,2
DA:52,2
DA:53,2
DA:54,1
DA:56,1
DA:57,1
DA:61,1
LF:34
LH:32
BRDA:10,0,0,2
BRDA:10,0,1,1
BRDA:10,1,0,3
BRDA:10,1,1,2
BRF:4
BRH:4
end_of_record
TN:
SF:models\CategoriasProductos.js
FN:4,(anonymous_0)
FN:9,(anonymous_1)
FN:14,(anonymous_2)
FN:19,(anonymous_3)
FN:24,(anonymous_4)
FNF:5
FNH:5
FNDA:1,(anonymous_0)
FNDA:2,(anonymous_1)
FNDA:1,(anonymous_2)
FNDA:1,(anonymous_3)
FNDA:1,(anonymous_4)
DA:1,1
DA:5,1
DA:6,1
DA:10,2
DA:11,2
DA:15,1
DA:16,1
DA:20,1
DA:21,1
DA:25,1
DA:26,1
DA:30,1
LF:12
LH:12
BRF:0
BRH:0
end_of_record
TN:
SF:models\wishlistModel.js
FN:3,createWishlist
FN:31,getAllWishlists
FN:37,getWishlistById
FN:43,updateWishlist
FN:71,deleteWishlist
FNF:5
FNH:5
FNDA:4,createWishlist
FNDA:1,getAllWishlists
FNDA:2,getWishlistById
FNDA:4,updateWishlist
FNDA:2,deleteWishlist
DA:1,1
DA:4,4
DA:7,4
DA:8,1
DA:12,3
DA:13,3
DA:14,3
DA:15,1
DA:19,2
DA:20,2
DA:21,2
DA:22,1
DA:25,1
DA:26,1
DA:27,1
DA:28,1
DA:32,1
DA:33,1
DA:34,1
DA:38,2
DA:39,2
DA:40,2
DA:44,4
DA:47,4
DA:48,1
DA:52,3
DA:53,3
DA:54,3
DA:55,1
DA:59,2
DA:60,2
DA:61,2
DA:62,1
DA:65,1
DA:66,1
DA:67,1
DA:68,1
DA:72,2
DA:73,2
DA:74,2
DA:77,1
LF:41
LH:41
BRDA:7,0,0,1
BRDA:7,0,1,3
BRDA:7,1,0,4
BRDA:7,1,1,4
BRDA:14,2,0,1
BRDA:14,2,1,2
BRDA:21,3,0,1
BRDA:21,3,1,1
BRDA:47,4,0,1
BRDA:47,4,1,3
BRDA:47,5,0,4
BRDA:47,5,1,4
BRDA:54,6,0,1
BRDA:54,6,1,2
BRDA:61,7,0,1
BRDA:61,7,1,1
BRF:16
BRH:16
end_of_record
